             GGG   U   U  I  DDDD   EEEE
            G   G  U   U  I  D   D  E
            G      U   U  I  D   D  E
            G  GG  U   U  I  D   D  EEE
            G   G  U   U  I  D   D  E
            G   G  U   U  I  D   D  E
             GGG    UUU   I  DDDD   EEEE
   
 GUIDE Classification and Regression Trees and Forests
 Version 40.3 (Build date: October 8, 2022)        
 Compiled with GFortran 11.2.0 on Windows 10 Pro
 Copyright (c) 1997-2022 Wei-Yin Loh. All rights reserved.
 This software is based upon work supported by the U.S. Army Research Office,
 the National Science Foundation and the National Institutes of Health.
  
 This job was started on 05/26/23 at 14:37
  
 Random forest of classification trees
 No pruning
 Data description file: subNonDEVS.DSC
 Training sample file: sub_nonDEVS_table.csv
 Missing value code: NA
 Records in data file start on line 2
 60 N variables changed to S
 D variable is label
 Number of records in data file: 160
 Length of longest entry in data file: 12
 Number of classes: 2
 Training sample class proportions of D variable label:
   Class  #Cases     Proportion
 AD           82     0.51250000
 control      78     0.48750000
  
 Summary information for training sample of size 160
 d=dependent, b=split and fit cat variable using indicator variables,
 c=split-only categorical, i=fit-only categorical (via indicators),
 s=split-only numerical, n=split and fit numerical, f=fit-only numerical,
 m=missing-value flag variable, p=periodic variable, w=weight
                                                   #Codes/           
                                                   Levels/           
  Column  Name             Minimum      Maximum    Periods   #Missing
       1  ZNF266      s  -0.1585        1.381    
       2  GIPR        s   -3.720        1.243    
       3  WDR45       s   0.7573        1.665    
       4  PGBD2       s   -1.952      -0.2181    
       5  MRPL47      s   0.7900E-01   0.9939    
       6  RTN1        s    1.853        4.767    
       7  DEPDC4      s   -4.181       -1.990    
       8  RIMKLB      s   0.8168        2.171    
       9  CACYBP      s    1.592        3.169    
      10  PRPF4       s   0.1885       0.8683    
      11  EEF2KMT     s   -2.059      -0.9288    
      12  AC011477.1  s   -4.183       -2.094    
      13  SF3A3       s   0.8145        1.527    
      14  LINC00923   s   -4.130       -2.249    
      15  AC145124.1  s   -4.081      -0.8457    
      16  ABCD3       s   0.8203        2.039    
      17  TAPBPL      s   -1.729       0.1327    
      18  FHOD1       s  -0.9813       0.5195    
      19  HTRA2       s   0.3379       0.8897    
      20  TUBB        s    2.286        3.684    
      21  GPX3        s  -0.1900        2.713    
      22  SIAH2       s  -0.7429E-01    1.102    
      23  AL356488.2  s   -4.563       -1.137    
      24  TMEM63C     s  -0.5087E-01    2.516    
      25  MUC4        s   -5.603      -0.8552    
      26  MAPT        s    3.096        4.207    
      27  CFAP20      s   0.8078E-01    1.262    
      28  ATP1A1      s    2.481        4.717    
      29  ZNF788      s   -2.420      -0.1728    
      30  ZNF605      s   0.4551        2.014    
      31  CASC2       s   -1.264       0.7663E-01
      32  AL133230.1  s   -6.285       -1.311    
      33  NISCH       s    2.172        4.167    
      34  CTXND1      s  -0.8596        1.834    
      35  PREB        s   0.6873        1.475    
      36  CNBD2       s   -3.891       -1.957    
      37  EAPP        s   0.1948        1.220    
      38  RAB5C       s    1.609        2.461    
      39  C2orf16     s   -4.628       -1.268    
      40  ZNF718      s   -1.842       0.1838    
      41  PLK3        s   -1.354       0.2257    
      42  PAX8        s   -6.243      -0.4346    
      43  ZNF350.AS1  s   -4.111       -1.383    
      44  STRA6       s   -6.402      -0.6449    
      45  HIST1H1E    s   -4.396       -1.473    
      46  ACOT7       s   0.2888        2.821    
      47  TRIM2       s    2.875        4.645    
      48  TST         s  -0.7866        1.545    
      49  NLE1        s  -0.3680       0.6220    
      50  ADAMTS15    s   -4.048       -1.285    
      51  COPS2       s    1.146        2.274    
      52  RNF26       s   0.3555E-01    1.084    
      53  RET         s   -2.856        1.299    
      54  RRS1        s  -0.5298       0.7008    
      55  SRCAP       s    1.591        2.944    
      56  SPRY4       s  -0.4966        1.525    
      57  AC127070.4  s   -4.311       -1.246    
      58  PDE1B       s  -0.7709        2.487    
      59  EBAG9       s   0.1451       0.8974    
      60  AC011503.2  s   -4.588       -2.030    
      61  label       d                                  2
  
      Total  #cases w/   #missing
     #cases    miss. D  ord. vals   #X-var   #N-var   #F-var   #S-var
        160          0          0        0        0        0       60
     #P-var   #M-var   #B-var   #C-var   #I-var
          0        0        0        0        0
 Number of cases used for training: 160
 Number of split variables: 60
  
 Number of trees in ensemble: 1000
 Number of variables used for splitting: 21
 Simple node models
 Equal priors
 Unit misclassification costs
 Univariate split highest priority
 No interaction splits
 Fraction of cases used for splitting each node: .6250
 Maximum number of split levels: 15
 Minimum node sample size: 5
 Mean number of terminal nodes:    13.59    
 
 Classification matrix for training sample:
 Predicted       True class
 class             AD   control
 AD                82         0
 control            0        78
 Total             82        78
 
 Number of cases used for tree construction: 160
 Number misclassified: 0
 Resubstitution estimate of mean misclassification cost: .0000
 
 Number of OOB cases: 160
 Number OOB misclassified: 63
 OOB estimate of mean misclassification cost: .3945
 Mean number of trees per OOB observation: 367.13
 
 Predicted class probabilities are stored in SIEVE_nonDEVS_CLR_rf.pred
 Elapsed time in seconds: 33.328
