             GGG   U   U  I  DDDD   EEEE
            G   G  U   U  I  D   D  E
            G      U   U  I  D   D  E
            G  GG  U   U  I  D   D  EEE
            G   G  U   U  I  D   D  E
            G   G  U   U  I  D   D  E
             GGG    UUU   I  DDDD   EEEE
   
 GUIDE Classification and Regression Trees and Forests
 Version 40.3 (Build date: October 8, 2022)        
 Compiled with GFortran 11.2.0 on Windows 10 Pro
 Copyright (c) 1997-2022 Wei-Yin Loh. All rights reserved.
 This software is based upon work supported by the U.S. Army Research Office,
 the National Science Foundation and the National Institutes of Health.
  
 This job was started on 05/25/23 at 16:16
  
 Random forest of classification trees
 No pruning
 Data description file: clrDS.DSC
 Training sample file: top_devs_table.csv
 Missing value code: NA
 Records in data file start on line 2
 20 N variables changed to S
 D variable is label
 Number of records in data file: 160
 Length of longest entry in data file: 21
 Number of classes: 2
 Training sample class proportions of D variable label:
   Class  #Cases     Proportion
 AD           82     0.51250000
 control      78     0.48750000
  
 Summary information for training sample of size 160
 d=dependent, b=split and fit cat variable using indicator variables,
 c=split-only categorical, i=fit-only categorical (via indicators),
 s=split-only numerical, n=split and fit numerical, f=fit-only numerical,
 m=missing-value flag variable, p=periodic variable, w=weight
                                                   #Codes/           
                                                   Levels/           
  Column  Name             Minimum      Maximum    Periods   #Missing
      40  ANKS6       s   0.1619        2.556    
      41  CMTM3       s   -1.292       0.7150    
      42  DNM2        s    1.485        2.981    
      43  TRABD       s  -0.9761E-01    2.041    
      44  TTC7A       s   0.1785E-01    2.007    
      45  AC068888.1  s  -0.4943        2.569    
      46  HDAC7       s   0.5145        2.007    
      47  AL133243.2  s   -2.572      -0.3708    
      48  NCF4        s   -2.866       0.7365E-01
      49  CATSPERG    s   -2.410       0.5442    
      50  PCDHA6      s   -5.455      -0.6654    
      51  EFR3B       s    1.369        2.605    
      52  ARMT1       s  -0.7009E-01    1.220    
      53  MTMR7       s  -0.6630        1.448    
      54  NDFIP1      s    2.456        4.175    
      55  UGCG        s   0.6136E-01    1.596    
      56  CALM1       s    4.285        5.618    
      57  SATB1       s    1.347        2.857    
      58  MOAP1       s    1.343        3.467    
      59  TRAPPC6B    s   0.7243        2.314    
      60  label       d                                  2
  
      Total  #cases w/   #missing
     #cases    miss. D  ord. vals   #X-var   #N-var   #F-var   #S-var
        160          0          0       39        0        0       20
     #P-var   #M-var   #B-var   #C-var   #I-var
          0        0        0        0        0
 Number of cases used for training: 160
 Number of split variables: 20
  
 Number of trees in ensemble: 1000
 Number of variables used for splitting: 7
 Simple node models
 Equal priors
 Unit misclassification costs
 Univariate split highest priority
 No interaction splits
 Fraction of cases used for splitting each node: .6250
 Maximum number of split levels: 15
 Minimum node sample size: 5
 Mean number of terminal nodes:    11.47    
 
 Classification matrix for training sample:
 Predicted       True class
 class             AD   control
 AD                77         2
 control            5        76
 Total             82        78
 
 Number of cases used for tree construction: 160
 Number misclassified: 7
 Resubstitution estimate of mean misclassification cost: .0433
 
 Number of OOB cases: 160
 Number OOB misclassified: 28
 OOB estimate of mean misclassification cost: .1757
 Mean number of trees per OOB observation: 367.51
 
 Predicted class probabilities are stored in SIEVE_DS_rf.pred
 Elapsed time in seconds: 6.5625
