             GGG   U   U  I  DDDD   EEEE
            G   G  U   U  I  D   D  E
            G      U   U  I  D   D  E
            G  GG  U   U  I  D   D  EEE
            G   G  U   U  I  D   D  E
            G   G  U   U  I  D   D  E
             GGG    UUU   I  DDDD   EEEE
   
 GUIDE Classification and Regression Trees and Forests
 Version 40.3 (Build date: October 8, 2022)        
 Compiled with GFortran 11.2.0 on Windows 10 Pro
 Copyright (c) 1997-2022 Wei-Yin Loh. All rights reserved.
 This software is based upon work supported by the U.S. Army Research Office,
 the National Science Foundation and the National Institutes of Health.
  
 This job was started on 05/25/23 at 16:13
  
 Random forest of classification trees
 No pruning
 Data description file: clrDV.DSC
 Training sample file: top_devs_table.csv
 Missing value code: NA
 Records in data file start on line 2
 20 N variables changed to S
 D variable is label
 Number of records in data file: 160
 Length of longest entry in data file: 21
 Number of classes: 2
 Training sample class proportions of D variable label:
   Class  #Cases     Proportion
 AD           82     0.51250000
 control      78     0.48750000
  
 Summary information for training sample of size 160
 d=dependent, b=split and fit cat variable using indicator variables,
 c=split-only categorical, i=fit-only categorical (via indicators),
 s=split-only numerical, n=split and fit numerical, f=fit-only numerical,
 m=missing-value flag variable, p=periodic variable, w=weight
                                                   #Codes/           
                                                   Levels/           
  Column  Name             Minimum      Maximum    Periods   #Missing
      16  SLPI        s   -6.363        2.167    
      21  FOXG1       s   -6.532        1.888    
      22  KCNK15      s   -5.184        1.072    
      23  ARX         s   -6.532       0.6531    
      24  ZNF699      s   -3.633      -0.8949    
      25  GP1BB       s   -2.116        3.106    
      26  HRH1        s   -3.067       0.6988    
      27  AP002893.1  s   -6.570       0.2461    
      28  BUD13P1     s   -6.573       -1.195    
      29  LARS2       s  -0.1766        1.733    
      30  PELP1       s    1.285        2.655    
      31  SLC13A4     s   -3.272        2.429    
      32  PRDM6       s   -3.136       0.4209    
      33  FAM20A      s   -3.802        1.797    
      34  DSP         s   -2.283        3.095    
      35  PHLDB2      s   -2.037        2.933    
      36  GAS1        s   -1.508        2.151    
      37  LTBP2       s   -1.302        1.019    
      38  C2orf40     s   -3.509       0.6224    
      39  SLC47A1     s   -1.964        2.901    
      60  label       d                                  2
  
      Total  #cases w/   #missing
     #cases    miss. D  ord. vals   #X-var   #N-var   #F-var   #S-var
        160          0          0       39        0        0       20
     #P-var   #M-var   #B-var   #C-var   #I-var
          0        0        0        0        0
 Number of cases used for training: 160
 Number of split variables: 20
  
 Number of trees in ensemble: 1000
 Number of variables used for splitting: 7
 Simple node models
 Equal priors
 Unit misclassification costs
 Univariate split highest priority
 No interaction splits
 Fraction of cases used for splitting each node: .6250
 Maximum number of split levels: 15
 Minimum node sample size: 5
 Mean number of terminal nodes:    11.19    
 
 Classification matrix for training sample:
 Predicted       True class
 class             AD   control
 AD                79         2
 control            3        76
 Total             82        78
 
 Number of cases used for tree construction: 160
 Number misclassified: 5
 Resubstitution estimate of mean misclassification cost: .0311
 
 Number of OOB cases: 160
 Number OOB misclassified: 30
 OOB estimate of mean misclassification cost: .1870
 Mean number of trees per OOB observation: 366.94
 
 Predicted class probabilities are stored in SIEVE_DV_rf.pred
 Elapsed time in seconds: 5.9375
